0 info it worked if it ends with ok
1 verbose cli [ 'C:\\Program Files\\nodejs\\node.exe',
1 verbose cli   'C:\\Program Files\\nodejs\\node_modules\\npm\\bin\\npm-cli.js',
1 verbose cli   'run',
1 verbose cli   'startDebug' ]
2 info using npm@3.10.10
3 info using node@v6.11.2
4 verbose run-script [ 'prestartDebug', 'startDebug', 'poststartDebug' ]
5 info lifecycle image-editor@1.0.0~prestartDebug: image-editor@1.0.0
6 silly lifecycle image-editor@1.0.0~prestartDebug: no script for prestartDebug, continuing
7 info lifecycle image-editor@1.0.0~startDebug: image-editor@1.0.0
8 verbose lifecycle image-editor@1.0.0~startDebug: unsafe-perm in lifecycle true
9 verbose lifecycle image-editor@1.0.0~startDebug: PATH: C:\Program Files\nodejs\node_modules\npm\bin\node-gyp-bin;C:\Users\Aqib Saleem\Desktop\image-editor\node_modules\.bin;C:\WINDOWS\system32;C:\WINDOWS;C:\WINDOWS\System32\Wbem;C:\WINDOWS\System32\WindowsPowerShell\v1.0\;C:\Program Files\nodejs\;C:\Program Files\Git\cmd;C:\Users\Aqib Saleem\AppData\Local\Microsoft\WindowsApps;C:\Users\Aqib Saleem\AppData\Local\atom\bin;C:\Users\Aqib Saleem\AppData\Roaming\npm;
10 verbose lifecycle image-editor@1.0.0~startDebug: CWD: C:\Users\Aqib Saleem\Desktop\image-editor
11 silly lifecycle image-editor@1.0.0~startDebug: Args: [ '/d /s /c',
11 silly lifecycle   'node index.js --port=8080 --config=./configuration.json --debug' ]
12 silly lifecycle image-editor@1.0.0~startDebug: Returned: code: 1  signal: null
13 info lifecycle image-editor@1.0.0~startDebug: Failed to exec startDebug script
14 verbose stack Error: image-editor@1.0.0 startDebug: `node index.js --port=8080 --config=./configuration.json --debug`
14 verbose stack Exit status 1
14 verbose stack     at EventEmitter.<anonymous> (C:\Program Files\nodejs\node_modules\npm\lib\utils\lifecycle.js:255:16)
14 verbose stack     at emitTwo (events.js:106:13)
14 verbose stack     at EventEmitter.emit (events.js:191:7)
14 verbose stack     at ChildProcess.<anonymous> (C:\Program Files\nodejs\node_modules\npm\lib\utils\spawn.js:40:14)
14 verbose stack     at emitTwo (events.js:106:13)
14 verbose stack     at ChildProcess.emit (events.js:191:7)
14 verbose stack     at maybeClose (internal/child_process.js:891:16)
14 verbose stack     at Process.ChildProcess._handle.onexit (internal/child_process.js:226:5)
15 verbose pkgid image-editor@1.0.0
16 verbose cwd C:\Users\Aqib Saleem\Desktop\image-editor
17 error Windows_NT 10.0.15063
18 error argv "C:\\Program Files\\nodejs\\node.exe" "C:\\Program Files\\nodejs\\node_modules\\npm\\bin\\npm-cli.js" "run" "startDebug"
19 error node v6.11.2
20 error npm  v3.10.10
21 error code ELIFECYCLE
22 error image-editor@1.0.0 startDebug: `node index.js --port=8080 --config=./configuration.json --debug`
22 error Exit status 1
23 error Failed at the image-editor@1.0.0 startDebug script 'node index.js --port=8080 --config=./configuration.json --debug'.
23 error Make sure you have the latest version of node.js and npm installed.
23 error If you do, this is most likely a problem with the image-editor package,
23 error not with npm itself.
23 error Tell the author that this fails on your system:
23 error     node index.js --port=8080 --config=./configuration.json --debug
23 error You can get information on how to open an issue for this project with:
23 error     npm bugs image-editor
23 error Or if that isn't available, you can get their info via:
23 error     npm owner ls image-editor
23 error There is likely additional logging output above.
24 verbose exit [ 1, true ]
